<?xml version="1.0" encoding="utf-8"?><testsuites name="pytest tests"><testsuite name="pytest" errors="0" failures="0" skipped="0" tests="7" time="2.611" timestamp="2026-07-29T11:08:13.961301+00:00" hostname="agent-env-fc191a99-d487-4292-9cfb-6d8eda8bc4c4"><testcase classname="tests.backend_test.TestContactAPI" name="test_root" time="0.260" /><testcase classname="tests.backend_test.TestContactAPI" name="test_create_contact_success" time="0.443" /><testcase classname="tests.backend_test.TestContactAPI" name="test_create_contact_invalid_email" time="0.103" /><testcase classname="tests.backend_test.TestContactAPI" name="test_create_contact_missing_email" time="0.101" /><testcase classname="tests.backend_test.TestContactAPI" name="test_create_contact_missing_name" time="0.100" /><testcase classname="tests.backend_test.TestContactAPI" name="test_create_contact_empty_message" time="0.096" /><testcase classname="tests.backend_test.TestContactAPI" name="test_list_contacts_sorted_newest_first" time="0.888" /></testsuite></testsuites>